<?xml version="1.0" encoding="UTF-8"?>
<testsuite xmlns:xsi="http://www.w3.org/2001/XMLSchema-instance" xsi:schemaLocation="https://maven.apache.org/surefire/maven-surefire-plugin/xsd/surefire-test-report.xsd" name="code_coverage_4.code_coverage_4.ActivityDecisionTest" time="0.032" tests="5" errors="0" skipped="0" failures="0">
  <properties>
[...]
</properties>
  <testcase name="testRunningSunshineRaining" classname="code_coverage_4.code_coverage_4.ActivityDecisionTest" time="0.003"/>
  <testcase name="testDefaultActivity" classname="code_coverage_4.code_coverage_4.ActivityDecisionTest" time="0"/>
  <testcase name="testWalkingMidnightNoRain" classname="code_coverage_4.code_coverage_4.ActivityDecisionTest" time="0"/>
  <testcase name="testWalkingMidnightRaining" classname="code_coverage_4.code_coverage_4.ActivityDecisionTest" time="0"/>
  <testcase name="testConstructor" classname="code_coverage_4.code_coverage_4.ActivityDecisionTest" time="0"/>
</testsuite>